Performing C SOURCE FILE Test CMAKE_HAVE_LIBC_PTHREAD failed with the following output:
Change Dir: /home/kss418/.vscode/AWS_Prac/build/CMakeFiles/CMakeTmp

Run Build Command(s):/usr/bin/ninja cmTC_470f6 && [1/2] Building C object CMakeFiles/cmTC_470f6.dir/src.c.o
[2/2] Linking C executable cmTC_470f6
FAILED: cmTC_470f6 
: && /usr/bin/gcc-13 -DCMAKE_HAVE_LIBC_PTHREAD   CMakeFiles/cmTC_470f6.dir/src.c.o  -o cmTC_470f6   && :
/usr/bin/ld: CMakeFiles/cmTC_470f6.dir/src.c.o: in function `main':
src.c:(.text+0x46): undefined reference to `pthread_create'
/usr/bin/ld: src.c:(.text+0x52): undefined reference to `pthread_detach'
/usr/bin/ld: src.c:(.text+0x63): undefined reference to `pthread_join'
collect2: error: ld returned 1 exit status
ninja: build stopped: subcommand failed.


Source file was:
#include <pthread.h>

void* test_func(void* data)
{
  return data;
}

int main(void)
{
  pthread_t thread;
  pthread_create(&thread, NULL, test_func, NULL);
  pthread_detach(thread);
  pthread_join(thread, NULL);
  pthread_atfork(NULL, NULL, NULL);
  pthread_exit(NULL);

  return 0;
}

